                                 Started job on |	Apr 27 06:57:00
                             Started mapping on |	Apr 27 06:57:13
                                    Finished on |	Apr 27 07:23:01
       Mapping speed, Million of reads per hour |	2.33

                          Number of input reads |	1000000
                      Average input read length |	150
                                    UNIQUE READS:
                   Uniquely mapped reads number |	83917
                        Uniquely mapped reads % |	8.39%
                          Average mapped length |	146.33
                       Number of splices: Total |	32241
            Number of splices: Annotated (sjdb) |	30681
                       Number of splices: GT/AG |	31439
                       Number of splices: GC/AG |	434
                       Number of splices: AT/AC |	17
               Number of splices: Non-canonical |	351
                      Mismatch rate per base, % |	2.52%
                         Deletion rate per base |	0.06%
                        Deletion average length |	2.19
                        Insertion rate per base |	0.15%
                       Insertion average length |	2.46
                             MULTI-MAPPING READS:
        Number of reads mapped to multiple loci |	5683
             % of reads mapped to multiple loci |	0.57%
        Number of reads mapped to too many loci |	75
             % of reads mapped to too many loci |	0.01%
                                  UNMAPPED READS:
       % of reads unmapped: too many mismatches |	0.00%
                 % of reads unmapped: too short |	91.03%
                     % of reads unmapped: other |	0.00%
                                  CHIMERIC READS:
                       Number of chimeric reads |	0
                            % of chimeric reads |	0.00%
