                                 Started job on |	Apr 27 07:23:03
                             Started mapping on |	Apr 27 07:23:13
                                    Finished on |	Apr 27 07:49:23
       Mapping speed, Million of reads per hour |	2.29

                          Number of input reads |	1000000
                      Average input read length |	150
                                    UNIQUE READS:
                   Uniquely mapped reads number |	82862
                        Uniquely mapped reads % |	8.29%
                          Average mapped length |	146.34
                       Number of splices: Total |	31969
            Number of splices: Annotated (sjdb) |	30484
                       Number of splices: GT/AG |	31158
                       Number of splices: GC/AG |	460
                       Number of splices: AT/AC |	9
               Number of splices: Non-canonical |	342
                      Mismatch rate per base, % |	2.52%
                         Deletion rate per base |	0.06%
                        Deletion average length |	2.26
                        Insertion rate per base |	0.15%
                       Insertion average length |	2.50
                             MULTI-MAPPING READS:
        Number of reads mapped to multiple loci |	5650
             % of reads mapped to multiple loci |	0.56%
        Number of reads mapped to too many loci |	79
             % of reads mapped to too many loci |	0.01%
                                  UNMAPPED READS:
       % of reads unmapped: too many mismatches |	0.00%
                 % of reads unmapped: too short |	91.14%
                     % of reads unmapped: other |	0.00%
                                  CHIMERIC READS:
                       Number of chimeric reads |	0
                            % of chimeric reads |	0.00%
